0 info it worked if it ends with ok
1 verbose cli [ '/home/kokoc/.nvm/versions/node/v6.2.0/bin/node',
1 verbose cli   '/home/kokoc/.nvm/versions/node/v6.2.0/bin/npm',
1 verbose cli   'owner',
1 verbose cli   'ls',
1 verbose cli   'hearthtrade' ]
2 info using npm@3.8.9
3 info using node@v6.2.0
4 silly mapToRegistry name hearthtrade
5 silly mapToRegistry using default registry
6 silly mapToRegistry registry https://registry.npmjs.org/
7 silly mapToRegistry data Result {
7 silly mapToRegistry   raw: 'hearthtrade',
7 silly mapToRegistry   scope: null,
7 silly mapToRegistry   name: 'hearthtrade',
7 silly mapToRegistry   rawSpec: '',
7 silly mapToRegistry   spec: 'latest',
7 silly mapToRegistry   type: 'tag' }
8 silly mapToRegistry uri https://registry.npmjs.org/hearthtrade
9 verbose request uri https://registry.npmjs.org/hearthtrade
10 verbose request no auth needed
11 info attempt registry request try #1 at 7:10:05 PM
12 verbose request id a8d2d56fb5da7a7a
13 http request GET https://registry.npmjs.org/hearthtrade
14 http 404 https://registry.npmjs.org/hearthtrade
15 verbose headers { 'content-type': 'application/json',
15 verbose headers   'cache-control': 'max-age=0',
15 verbose headers   'content-length': '2',
15 verbose headers   'accept-ranges': 'bytes',
15 verbose headers   date: 'Sat, 02 Jul 2016 16:10:49 GMT',
15 verbose headers   via: '1.1 varnish',
15 verbose headers   age: '0',
15 verbose headers   connection: 'keep-alive',
15 verbose headers   'x-served-by': 'cache-fra1234-FRA',
15 verbose headers   'x-cache': 'MISS',
15 verbose headers   'x-cache-hits': '0',
15 verbose headers   'x-timer': 'S1467475849.101990,VS0,VE740',
15 verbose headers   vary: 'Accept-Encoding' }
16 silly get cb [ 404,
16 silly get   { 'content-type': 'application/json',
16 silly get     'cache-control': 'max-age=0',
16 silly get     'content-length': '2',
16 silly get     'accept-ranges': 'bytes',
16 silly get     date: 'Sat, 02 Jul 2016 16:10:49 GMT',
16 silly get     via: '1.1 varnish',
16 silly get     age: '0',
16 silly get     connection: 'keep-alive',
16 silly get     'x-served-by': 'cache-fra1234-FRA',
16 silly get     'x-cache': 'MISS',
16 silly get     'x-cache-hits': '0',
16 silly get     'x-timer': 'S1467475849.101990,VS0,VE740',
16 silly get     vary: 'Accept-Encoding' } ]
17 error owner ls Couldn't get owner data hearthtrade
18 verbose stack Error: Registry returned 404 for GET on https://registry.npmjs.org/hearthtrade
18 verbose stack     at makeError (/home/kokoc/.nvm/versions/node/v6.2.0/lib/node_modules/npm/node_modules/npm-registry-client/lib/request.js:264:12)
18 verbose stack     at CachingRegistryClient.<anonymous> (/home/kokoc/.nvm/versions/node/v6.2.0/lib/node_modules/npm/node_modules/npm-registry-client/lib/request.js:242:14)
18 verbose stack     at Request._callback (/home/kokoc/.nvm/versions/node/v6.2.0/lib/node_modules/npm/node_modules/npm-registry-client/lib/request.js:172:14)
18 verbose stack     at Request.self.callback (/home/kokoc/.nvm/versions/node/v6.2.0/lib/node_modules/npm/node_modules/request/request.js:200:22)
18 verbose stack     at emitTwo (events.js:106:13)
18 verbose stack     at Request.emit (events.js:191:7)
18 verbose stack     at Request.<anonymous> (/home/kokoc/.nvm/versions/node/v6.2.0/lib/node_modules/npm/node_modules/request/request.js:1067:10)
18 verbose stack     at emitOne (events.js:101:20)
18 verbose stack     at Request.emit (events.js:188:7)
18 verbose stack     at IncomingMessage.<anonymous> (/home/kokoc/.nvm/versions/node/v6.2.0/lib/node_modules/npm/node_modules/request/request.js:988:12)
19 verbose statusCode 404
20 verbose pkgid hearthtrade
21 verbose cwd /home/kokoc/FFCProjects/hearthtrade
22 error Linux 4.4.0-24-generic
23 error argv "/home/kokoc/.nvm/versions/node/v6.2.0/bin/node" "/home/kokoc/.nvm/versions/node/v6.2.0/bin/npm" "owner" "ls" "hearthtrade"
24 error node v6.2.0
25 error npm  v3.8.9
26 error code E404
27 error 404 Registry returned 404 for GET on https://registry.npmjs.org/hearthtrade
28 error 404
29 error 404 'hearthtrade' is not in the npm registry.
30 error 404 You should bug the author to publish it (or use the name yourself!)
31 error 404 Note that you can also install from a
32 error 404 tarball, folder, http url, or git url.
33 verbose exit [ 1, true ]
